<?xml version="1.0" encoding="UTF-8" standalone="no"?>
<!DOCTYPE log SYSTEM "logger.dtd">
<log>
<record>
  <date>2024-01-30T05:26:12.063881800Z</date>
  <millis>1706592372063</millis>
  <nanos>881800</nanos>
  <sequence>0</sequence>
  <level>START</level>
  <class>com.kms.katalon.core.logging.XmlKeywordLogger</class>
  <method>startSuite</method>
  <thread>1</thread>
  <message>Start Test Suite : Test Suites/Cura_TestSuite/TL_Cura_AppointmentConfirmation_TestSuite_001</message>
  <nestedLevel>0</nestedLevel>
  <escapedJava>false</escapedJava>
  <property name="rerunTestFailImmediately">true</property>
  <property name="retryCount">3</property>
  <property name="name">TL_Cura_AppointmentConfirmation_TestSuite_001</property>
  <property name="description"></property>
  <property name="id">Test Suites/Cura_TestSuite/TL_Cura_AppointmentConfirmation_TestSuite_001</property>
</record>
<record>
  <date>2024-01-30T05:26:12.089861500Z</date>
  <millis>1706592372089</millis>
  <nanos>861500</nanos>
  <sequence>1</sequence>
  <level>RUN_DATA</level>
  <class>com.kms.katalon.core.logging.XmlKeywordLogger</class>
  <method>logMessage</method>
  <thread>1</thread>
  <message>hostName = modep - LAPTOP-FMBJHFG0</message>
  <nestedLevel>0</nestedLevel>
  <escapedJava>false</escapedJava>
  <property name="hostName">modep - LAPTOP-FMBJHFG0</property>
</record>
<record>
  <date>2024-01-30T05:26:12.089861500Z</date>
  <millis>1706592372089</millis>
  <nanos>861500</nanos>
  <sequence>2</sequence>
  <level>RUN_DATA</level>
  <class>com.kms.katalon.core.logging.XmlKeywordLogger</class>
  <method>logMessage</method>
  <thread>1</thread>
  <message>os = Windows 11 64bit</message>
  <nestedLevel>0</nestedLevel>
  <escapedJava>false</escapedJava>
  <property name="os">Windows 11 64bit</property>
</record>
<record>
  <date>2024-01-30T05:26:12.090929900Z</date>
  <millis>1706592372090</millis>
  <nanos>929900</nanos>
  <sequence>3</sequence>
  <level>RUN_DATA</level>
  <class>com.kms.katalon.core.logging.XmlKeywordLogger</class>
  <method>logMessage</method>
  <thread>1</thread>
  <message>hostAddress = 192.168.0.105</message>
  <nestedLevel>0</nestedLevel>
  <escapedJava>false</escapedJava>
  <property name="hostAddress">192.168.0.105</property>
</record>
<record>
  <date>2024-01-30T05:26:12.090929900Z</date>
  <millis>1706592372090</millis>
  <nanos>929900</nanos>
  <sequence>4</sequence>
  <level>RUN_DATA</level>
  <class>com.kms.katalon.core.logging.XmlKeywordLogger</class>
  <method>logMessage</method>
  <thread>1</thread>
  <message>katalonVersion = 9.2.0.212</message>
  <nestedLevel>0</nestedLevel>
  <escapedJava>false</escapedJava>
  <property name="katalonVersion">9.2.0.212</property>
</record>
<record>
  <date>2024-01-30T05:26:12.133607100Z</date>
  <millis>1706592372133</millis>
  <nanos>607100</nanos>
  <sequence>5</sequence>
  <level>START</level>
  <class>com.kms.katalon.core.logging.XmlKeywordLogger</class>
  <method>startKeyword</method>
  <thread>1</thread>
  <message>Start listener action : sampleBeforeTestSuite</message>
  <nestedLevel>0</nestedLevel>
  <escapedJava>false</escapedJava>
</record>
<record>
  <date>2024-01-30T05:26:12.167848400Z</date>
  <millis>1706592372167</millis>
  <nanos>848400</nanos>
  <sequence>7</sequence>
  <level>START</level>
  <class>com.kms.katalon.core.logging.XmlKeywordLogger</class>
  <method>startKeyword</method>
  <thread>1</thread>
  <message>Start action : println(testSuiteContext.getTestSuiteId())</message>
  <nestedLevel>1</nestedLevel>
  <escapedJava>false</escapedJava>
  <property name="startLine">52</property>
  <property name="stepIndex">1</property>
</record>
<record>
  <date>2024-01-30T05:26:12.186274800Z</date>
  <millis>1706592372186</millis>
  <nanos>274800</nanos>
  <sequence>9</sequence>
  <level>END</level>
  <class>com.kms.katalon.core.logging.XmlKeywordLogger</class>
  <method>endKeyword</method>
  <thread>1</thread>
  <message>End action : println(testSuiteContext.getTestSuiteId())</message>
  <nestedLevel>1</nestedLevel>
  <escapedJava>false</escapedJava>
</record>
<record>
  <date>2024-01-30T05:26:12.187272900Z</date>
  <millis>1706592372187</millis>
  <nanos>272900</nanos>
  <sequence>10</sequence>
  <level>END</level>
  <class>com.kms.katalon.core.logging.XmlKeywordLogger</class>
  <method>endKeyword</method>
  <thread>1</thread>
  <message>End listener action : sampleBeforeTestSuite</message>
  <nestedLevel>0</nestedLevel>
  <escapedJava>false</escapedJava>
</record>
<record>
  <date>2024-01-30T05:26:12.323392500Z</date>
  <millis>1706592372323</millis>
  <nanos>392500</nanos>
  <sequence>11</sequence>
  <level>START</level>
  <class>com.kms.katalon.core.logging.XmlKeywordLogger</class>
  <method>startKeyword</method>
  <thread>1</thread>
  <message>Start setup action : setUp</message>
  <nestedLevel>0</nestedLevel>
  <escapedJava>false</escapedJava>
  <property name="isIgnoredIfFailed">false</property>
</record>
<record>
  <date>2024-01-30T05:26:12.446546700Z</date>
  <millis>1706592372446</millis>
  <nanos>546700</nanos>
  <sequence>12</sequence>
  <level>START</level>
  <class>com.kms.katalon.core.logging.XmlKeywordLogger</class>
  <method>startKeyword</method>
  <thread>1</thread>
  <message>Start action : openBrowser(&amp;quot;&amp;quot;)</message>
  <nestedLevel>1</nestedLevel>
  <escapedJava>false</escapedJava>
  <property name="startLine">36</property>
  <property name="stepIndex">1</property>
</record>
<record>
  <date>2024-01-30T05:26:12.914806Z</date>
  <millis>1706592372914</millis>
  <nanos>806000</nanos>
  <sequence>14</sequence>
  <level>INFO</level>
  <class>com.kms.katalon.core.logging.XmlKeywordLogger</class>
  <method>logMessage</method>
  <thread>1</thread>
  <message>Starting &amp;apos;Chrome&amp;apos; driver</message>
  <nestedLevel>0</nestedLevel>
  <escapedJava>false</escapedJava>
</record>
<record>
  <date>2024-01-30T05:26:12.976953Z</date>
  <millis>1706592372976</millis>
  <nanos>953000</nanos>
  <sequence>16</sequence>
  <level>INFO</level>
  <class>com.kms.katalon.core.logging.XmlKeywordLogger</class>
  <method>logMessage</method>
  <thread>1</thread>
  <message>Action delay is set to 0 milliseconds</message>
  <nestedLevel>0</nestedLevel>
  <escapedJava>false</escapedJava>
</record>
<record>
  <date>2024-01-30T05:26:28.598349200Z</date>
  <millis>1706592388598</millis>
  <nanos>349200</nanos>
  <sequence>20</sequence>
  <level>FAILED</level>
  <class>com.kms.katalon.core.logging.XmlKeywordLogger</class>
  <method>logMessage</method>
  <thread>1</thread>
  <message>Unable to open browser with url: &amp;apos;&amp;apos; (Root cause: com.kms.katalon.core.exception.StepFailedException: Unable to open browser with url: &amp;apos;&amp;apos;
	at com.kms.katalon.core.webui.keyword.internal.WebUIKeywordMain.stepFailed(WebUIKeywordMain.groovy:64)
	at com.kms.katalon.core.webui.keyword.internal.WebUIKeywordMain.runKeyword(WebUIKeywordMain.groovy:26)
	at com.kms.katalon.core.webui.keyword.builtin.OpenBrowserKeyword.openBrowser(OpenBrowserKeyword.groovy:81)
	at com.kms.katalon.core.webui.keyword.builtin.OpenBrowserKeyword.execute(OpenBrowserKeyword.groovy:67)
	at com.kms.katalon.core.keyword.internal.KeywordExecutor.executeKeywordForPlatform(KeywordExecutor.groovy:74)
	at com.kms.katalon.core.webui.keyword.WebUiBuiltInKeywords.openBrowser(WebUiBuiltInKeywords.groovy:64)
	at TL_Cura_AppointmentConfirmation_TestSuite_001.setUp(TL_Cura_AppointmentConfirmation_TestSuite_001.groovy:36)
	at java.base/jdk.internal.reflect.NativeMethodAccessorImpl.invoke0(Native Method)
	at java.base/jdk.internal.reflect.NativeMethodAccessorImpl.invoke(NativeMethodAccessorImpl.java:77)
	at java.base/jdk.internal.reflect.DelegatingMethodAccessorImpl.invoke(DelegatingMethodAccessorImpl.java:43)
	at com.kms.katalon.core.main.ScriptEngine.runScriptMethodAsRawText(ScriptEngine.java:133)
	at com.kms.katalon.core.main.TestSuiteExecutor.runMethod(TestSuiteExecutor.java:223)
	at com.kms.katalon.core.main.TestSuiteExecutor.lambda$0(TestSuiteExecutor.java:202)
	at com.kms.katalon.core.main.TestSuiteExecutor.invokeTestSuiteMethod(TestSuiteExecutor.java:201)
	at com.kms.katalon.core.main.TestSuiteExecutor.accessTestSuiteMainPhase(TestSuiteExecutor.java:131)
	at com.kms.katalon.core.main.TestSuiteExecutor.execute(TestSuiteExecutor.java:106)
	at com.kms.katalon.core.main.TestCaseMain.startTestSuite(TestCaseMain.java:180)
	at TempTestSuite1706592351597.run(TempTestSuite1706592351597.groovy:36)
	at java.base/jdk.internal.reflect.NativeMethodAccessorImpl.invoke0(Native Method)
	at java.base/jdk.internal.reflect.NativeMethodAccessorImpl.invoke(NativeMethodAccessorImpl.java:77)
	at java.base/jdk.internal.reflect.DelegatingMethodAccessorImpl.invoke(DelegatingMethodAccessorImpl.java:43)
Caused by: org.openqa.selenium.WebDriverException: disconnected: received Inspector.detached event
  (failed to check if window was closed: disconnected: not connected to DevTools)
  (Session info: chrome=121.0.6167.86)
Build info: version: &amp;apos;3.141.59&amp;apos;, revision: &amp;apos;e82be7d358&amp;apos;, time: &amp;apos;2018-11-14T08:25:53&amp;apos;
System info: host: &amp;apos;LAPTOP-FMBJHFG0&amp;apos;, ip: &amp;apos;192.168.0.105&amp;apos;, os.name: &amp;apos;Windows 11&amp;apos;, os.arch: &amp;apos;amd64&amp;apos;, os.version: &amp;apos;10.0&amp;apos;, java.version: &amp;apos;17.0.7&amp;apos;
Driver info: driver.version: CChromeDriver
remote stacktrace: 	GetHandleVerifier [0x00886E73+174291]
	(No symbol) [0x007B0AC1]
	(No symbol) [0x004C6FF6]
	(No symbol) [0x004BAF33]
	(No symbol) [0x004BA7AD]
	(No symbol) [0x004B9B26]
	(No symbol) [0x004B9ABF]
	(No symbol) [0x004B89DC]
	(No symbol) [0x004B8DD8]
	(No symbol) [0x004B7D45]
	(No symbol) [0x004C3071]
	(No symbol) [0x004B97EA]
	(No symbol) [0x004B89DC]
	(No symbol) [0x004B8DD8]
	(No symbol) [0x004B7D45]
	(No symbol) [0x004BEF67]
	(No symbol) [0x004B97EA]
	(No symbol) [0x004B89DC]
	(No symbol) [0x004B8DD8]
	(No symbol) [0x004B7D45]
	(No symbol) [0x004BD61B]
	(No symbol) [0x004B97EA]
	(No symbol) [0x004B89DC]
	(No symbol) [0x004B8DD8]
	(No symbol) [0x004B7D45]
	(No symbol) [0x004B2A43]
	(No symbol) [0x004B76D6]
	(No symbol) [0x004B738A]
	(No symbol) [0x004C8B03]
	(No symbol) [0x004AEA18]
	(No symbol) [0x004AE592]
	(No symbol) [0x0051E357]
	(No symbol) [0x0051DBBA]
	(No symbol) [0x00516DA6]
	(No symbol) [0x004F1034]
	(No symbol) [0x004F1F8D]
	GetHandleVerifier [0x009249CC+820268]
	sqlite3_dbdata_init [0x009E4EBE+652494]
	sqlite3_dbdata_init [0x009E48D9+650985]
	sqlite3_dbdata_init [0x009D962C+605244]
	sqlite3_dbdata_init [0x009E586B+654971]
	(No symbol) [0x007BFEBC]
	(No symbol) [0x007B8428]
	(No symbol) [0x007B854D]
	(No symbol) [0x007A5858]
	BaseThreadInitThunk [0x76A07BA9+25]
	RtlInitializeExceptionChain [0x77A0BD2B+107]
	RtlClearBits [0x77A0BCAF+191]

	at java.base/jdk.internal.reflect.NativeConstructorAccessorImpl.newInstance0(Native Method)
	at java.base/jdk.internal.reflect.NativeConstructorAccessorImpl.newInstance(NativeConstructorAccessorImpl.java:77)
	at java.base/jdk.internal.reflect.DelegatingConstructorAccessorImpl.newInstance(DelegatingConstructorAccessorImpl.java:45)
	at org.openqa.selenium.remote.W3CHandshakeResponse.lambda$errorHandler$0(W3CHandshakeResponse.java:62)
	at org.openqa.selenium.remote.HandshakeResponse.lambda$getResponseFunction$0(HandshakeResponse.java:30)
	at org.openqa.selenium.remote.ProtocolHandshake.lambda$createSession$0(ProtocolHandshake.java:126)
	at org.openqa.selenium.remote.ProtocolHandshake.createSession(ProtocolHandshake.java:128)
	at org.openqa.selenium.remote.ProtocolHandshake.createSession(ProtocolHandshake.java:74)
	at org.openqa.selenium.remote.HttpCommandExecutor.execute(HttpCommandExecutor.java:136)
	at org.openqa.selenium.remote.service.DriverCommandExecutor.execute(DriverCommandExecutor.java:83)
	at org.openqa.selenium.remote.RemoteWebDriver.execute(RemoteWebDriver.java:552)
	at com.kms.katalon.selenium.driver.CChromeDriver.execute(CChromeDriver.java:19)
	at org.openqa.selenium.remote.RemoteWebDriver.startSession(RemoteWebDriver.java:213)
	at org.openqa.selenium.remote.RemoteWebDriver.&amp;lt;init&amp;gt;(RemoteWebDriver.java:131)
	at org.openqa.selenium.chrome.ChromeDriver.&amp;lt;init&amp;gt;(ChromeDriver.java:181)
	at org.openqa.selenium.chrome.ChromeDriver.&amp;lt;init&amp;gt;(ChromeDriver.java:147)
	at com.kms.katalon.selenium.driver.CChromeDriver.&amp;lt;init&amp;gt;(CChromeDriver.java:13)
	at com.kms.katalon.core.webui.driver.DriverFactory.createNewChromeDriver(DriverFactory.java:442)
	at com.kms.katalon.core.webui.driver.DriverFactory.startNewBrowser(DriverFactory.java:375)
	at com.kms.katalon.core.webui.driver.DriverFactory.openWebDriver(DriverFactory.java:264)
	at com.kms.katalon.core.webui.keyword.builtin.OpenBrowserKeyword$_openBrowser_closure1.doCall(OpenBrowserKeyword.groovy:74)
	at com.kms.katalon.core.webui.keyword.builtin.OpenBrowserKeyword$_openBrowser_closure1.call(OpenBrowserKeyword.groovy)
	at com.kms.katalon.core.webui.keyword.internal.WebUIKeywordMain.runKeyword(WebUIKeywordMain.groovy:20)
	... 19 more
)</message>
  <nestedLevel>0</nestedLevel>
  <escapedJava>false</escapedJava>
  <property name="failed.exception.class">org.openqa.selenium.WebDriverException</property>
  <property name="failed.exception.stacktrace">org.openqa.selenium.WebDriverException: disconnected: received Inspector.detached event
  (failed to check if window was closed: disconnected: not connected to DevTools)
  (Session info: chrome=121.0.6167.86)
Build info: version: &apos;3.141.59&apos;, revision: &apos;e82be7d358&apos;, time: &apos;2018-11-14T08:25:53&apos;
System info: host: &apos;LAPTOP-FMBJHFG0&apos;, ip: &apos;192.168.0.105&apos;, os.name: &apos;Windows 11&apos;, os.arch: &apos;amd64&apos;, os.version: &apos;10.0&apos;, java.version: &apos;17.0.7&apos;
Driver info: driver.version: CChromeDriver
remote stacktrace: 	GetHandleVerifier [0x00886E73+174291]
	(No symbol) [0x007B0AC1]
	(No symbol) [0x004C6FF6]
	(No symbol) [0x004BAF33]
	(No symbol) [0x004BA7AD]
	(No symbol) [0x004B9B26]
	(No symbol) [0x004B9ABF]
	(No symbol) [0x004B89DC]
	(No symbol) [0x004B8DD8]
	(No symbol) [0x004B7D45]
	(No symbol) [0x004C3071]
	(No symbol) [0x004B97EA]
	(No symbol) [0x004B89DC]
	(No symbol) [0x004B8DD8]
	(No symbol) [0x004B7D45]
	(No symbol) [0x004BEF67]
	(No symbol) [0x004B97EA]
	(No symbol) [0x004B89DC]
	(No symbol) [0x004B8DD8]
	(No symbol) [0x004B7D45]
	(No symbol) [0x004BD61B]
	(No symbol) [0x004B97EA]
	(No symbol) [0x004B89DC]
	(No symbol) [0x004B8DD8]
	(No symbol) [0x004B7D45]
	(No symbol) [0x004B2A43]
	(No symbol) [0x004B76D6]
	(No symbol) [0x004B738A]
	(No symbol) [0x004C8B03]
	(No symbol) [0x004AEA18]
	(No symbol) [0x004AE592]
	(No symbol) [0x0051E357]
	(No symbol) [0x0051DBBA]
	(No symbol) [0x00516DA6]
	(No symbol) [0x004F1034]
	(No symbol) [0x004F1F8D]
	GetHandleVerifier [0x009249CC+820268]
	sqlite3_dbdata_init [0x009E4EBE+652494]
	sqlite3_dbdata_init [0x009E48D9+650985]
	sqlite3_dbdata_init [0x009D962C+605244]
	sqlite3_dbdata_init [0x009E586B+654971]
	(No symbol) [0x007BFEBC]
	(No symbol) [0x007B8428]
	(No symbol) [0x007B854D]
	(No symbol) [0x007A5858]
	BaseThreadInitThunk [0x76A07BA9+25]
	RtlInitializeExceptionChain [0x77A0BD2B+107]
	RtlClearBits [0x77A0BCAF+191]

	at java.base/jdk.internal.reflect.NativeConstructorAccessorImpl.newInstance0(Native Method)
	at java.base/jdk.internal.reflect.NativeConstructorAccessorImpl.newInstance(NativeConstructorAccessorImpl.java:77)
	at java.base/jdk.internal.reflect.DelegatingConstructorAccessorImpl.newInstance(DelegatingConstructorAccessorImpl.java:45)
	at org.openqa.selenium.remote.W3CHandshakeResponse.lambda$errorHandler$0(W3CHandshakeResponse.java:62)
	at org.openqa.selenium.remote.HandshakeResponse.lambda$getResponseFunction$0(HandshakeResponse.java:30)
	at org.openqa.selenium.remote.ProtocolHandshake.lambda$createSession$0(ProtocolHandshake.java:126)
	at org.openqa.selenium.remote.ProtocolHandshake.createSession(ProtocolHandshake.java:128)
	at org.openqa.selenium.remote.ProtocolHandshake.createSession(ProtocolHandshake.java:74)
	at org.openqa.selenium.remote.HttpCommandExecutor.execute(HttpCommandExecutor.java:136)
	at org.openqa.selenium.remote.service.DriverCommandExecutor.execute(DriverCommandExecutor.java:83)
	at org.openqa.selenium.remote.RemoteWebDriver.execute(RemoteWebDriver.java:552)
	at com.kms.katalon.selenium.driver.CChromeDriver.execute(CChromeDriver.java:19)
	at org.openqa.selenium.remote.RemoteWebDriver.startSession(RemoteWebDriver.java:213)
	at org.openqa.selenium.remote.RemoteWebDriver.&lt;init&gt;(RemoteWebDriver.java:131)
	at org.openqa.selenium.chrome.ChromeDriver.&lt;init&gt;(ChromeDriver.java:181)
	at org.openqa.selenium.chrome.ChromeDriver.&lt;init&gt;(ChromeDriver.java:147)
	at com.kms.katalon.selenium.driver.CChromeDriver.&lt;init&gt;(CChromeDriver.java:13)
	at com.kms.katalon.core.webui.driver.DriverFactory.createNewChromeDriver(DriverFactory.java:442)
	at com.kms.katalon.core.webui.driver.DriverFactory.startNewBrowser(DriverFactory.java:375)
	at com.kms.katalon.core.webui.driver.DriverFactory.openWebDriver(DriverFactory.java:264)
	at com.kms.katalon.core.webui.keyword.builtin.OpenBrowserKeyword$_openBrowser_closure1.doCall(OpenBrowserKeyword.groovy:74)
	at com.kms.katalon.core.webui.keyword.builtin.OpenBrowserKeyword$_openBrowser_closure1.call(OpenBrowserKeyword.groovy)
	at com.kms.katalon.core.webui.keyword.internal.WebUIKeywordMain.runKeyword(WebUIKeywordMain.groovy:20)
	at com.kms.katalon.core.webui.keyword.builtin.OpenBrowserKeyword.openBrowser(OpenBrowserKeyword.groovy:81)
	at com.kms.katalon.core.webui.keyword.builtin.OpenBrowserKeyword.execute(OpenBrowserKeyword.groovy:67)
	at com.kms.katalon.core.keyword.internal.KeywordExecutor.executeKeywordForPlatform(KeywordExecutor.groovy:74)
	at com.kms.katalon.core.webui.keyword.WebUiBuiltInKeywords.openBrowser(WebUiBuiltInKeywords.groovy:64)
	at TL_Cura_AppointmentConfirmation_TestSuite_001.setUp(TL_Cura_AppointmentConfirmation_TestSuite_001.groovy:36)
	at java.base/jdk.internal.reflect.NativeMethodAccessorImpl.invoke0(Native Method)
	at java.base/jdk.internal.reflect.NativeMethodAccessorImpl.invoke(NativeMethodAccessorImpl.java:77)
	at java.base/jdk.internal.reflect.DelegatingMethodAccessorImpl.invoke(DelegatingMethodAccessorImpl.java:43)
	at com.kms.katalon.core.main.ScriptEngine.runScriptMethodAsRawText(ScriptEngine.java:133)
	at com.kms.katalon.core.main.TestSuiteExecutor.runMethod(TestSuiteExecutor.java:223)
	at com.kms.katalon.core.main.TestSuiteExecutor.lambda$0(TestSuiteExecutor.java:202)
	at com.kms.katalon.core.main.TestSuiteExecutor.invokeTestSuiteMethod(TestSuiteExecutor.java:201)
	at com.kms.katalon.core.main.TestSuiteExecutor.accessTestSuiteMainPhase(TestSuiteExecutor.java:131)
	at com.kms.katalon.core.main.TestSuiteExecutor.execute(TestSuiteExecutor.java:106)
	at com.kms.katalon.core.main.TestCaseMain.startTestSuite(TestCaseMain.java:180)
	at TempTestSuite1706592351597.run(TempTestSuite1706592351597.groovy:36)
	at java.base/jdk.internal.reflect.NativeMethodAccessorImpl.invoke0(Native Method)
	at java.base/jdk.internal.reflect.NativeMethodAccessorImpl.invoke(NativeMethodAccessorImpl.java:77)
	at java.base/jdk.internal.reflect.DelegatingMethodAccessorImpl.invoke(DelegatingMethodAccessorImpl.java:43)
</property>
  <property name="failed.exception.message">disconnected: received Inspector.detached event
  (failed to check if window was closed: disconnected: not connected to DevTools)
  (Session info: chrome=121.0.6167.86)
Build info: version: &apos;3.141.59&apos;, revision: &apos;e82be7d358&apos;, time: &apos;2018-11-14T08:25:53&apos;
System info: host: &apos;LAPTOP-FMBJHFG0&apos;, ip: &apos;192.168.0.105&apos;, os.name: &apos;Windows 11&apos;, os.arch: &apos;amd64&apos;, os.version: &apos;10.0&apos;, java.version: &apos;17.0.7&apos;
Driver info: driver.version: CChromeDriver
remote stacktrace: 	GetHandleVerifier [0x00886E73+174291]
	(No symbol) [0x007B0AC1]
	(No symbol) [0x004C6FF6]
	(No symbol) [0x004BAF33]
	(No symbol) [0x004BA7AD]
	(No symbol) [0x004B9B26]
	(No symbol) [0x004B9ABF]
	(No symbol) [0x004B89DC]
	(No symbol) [0x004B8DD8]
	(No symbol) [0x004B7D45]
	(No symbol) [0x004C3071]
	(No symbol) [0x004B97EA]
	(No symbol) [0x004B89DC]
	(No symbol) [0x004B8DD8]
	(No symbol) [0x004B7D45]
	(No symbol) [0x004BEF67]
	(No symbol) [0x004B97EA]
	(No symbol) [0x004B89DC]
	(No symbol) [0x004B8DD8]
	(No symbol) [0x004B7D45]
	(No symbol) [0x004BD61B]
	(No symbol) [0x004B97EA]
	(No symbol) [0x004B89DC]
	(No symbol) [0x004B8DD8]
	(No symbol) [0x004B7D45]
	(No symbol) [0x004B2A43]
	(No symbol) [0x004B76D6]
	(No symbol) [0x004B738A]
	(No symbol) [0x004C8B03]
	(No symbol) [0x004AEA18]
	(No symbol) [0x004AE592]
	(No symbol) [0x0051E357]
	(No symbol) [0x0051DBBA]
	(No symbol) [0x00516DA6]
	(No symbol) [0x004F1034]
	(No symbol) [0x004F1F8D]
	GetHandleVerifier [0x009249CC+820268]
	sqlite3_dbdata_init [0x009E4EBE+652494]
	sqlite3_dbdata_init [0x009E48D9+650985]
	sqlite3_dbdata_init [0x009D962C+605244]
	sqlite3_dbdata_init [0x009E586B+654971]
	(No symbol) [0x007BFEBC]
	(No symbol) [0x007B8428]
	(No symbol) [0x007B854D]
	(No symbol) [0x007A5858]
	BaseThreadInitThunk [0x76A07BA9+25]
	RtlInitializeExceptionChain [0x77A0BD2B+107]
	RtlClearBits [0x77A0BCAF+191]
</property>
</record>
<record>
  <date>2024-01-30T05:26:28.623126100Z</date>
  <millis>1706592388623</millis>
  <nanos>126100</nanos>
  <sequence>21</sequence>
  <level>END</level>
  <class>com.kms.katalon.core.logging.XmlKeywordLogger</class>
  <method>endKeyword</method>
  <thread>1</thread>
  <message>End action : openBrowser(&amp;quot;&amp;quot;)</message>
  <nestedLevel>1</nestedLevel>
  <escapedJava>false</escapedJava>
</record>
<record>
  <date>2024-01-30T05:26:28.636359400Z</date>
  <millis>1706592388636</millis>
  <nanos>359400</nanos>
  <sequence>23</sequence>
  <level>ERROR</level>
  <class>com.kms.katalon.core.logging.XmlKeywordLogger</class>
  <method>logMessage</method>
  <thread>1</thread>
  <message>Unable to open browser with url: &amp;apos;&amp;apos;</message>
  <nestedLevel>0</nestedLevel>
  <escapedJava>false</escapedJava>
  <property name="failed.exception.class">org.openqa.selenium.WebDriverException</property>
  <property name="failed.exception.stacktrace">org.openqa.selenium.WebDriverException: disconnected: received Inspector.detached event
  (failed to check if window was closed: disconnected: not connected to DevTools)
  (Session info: chrome=121.0.6167.86)
Build info: version: &apos;3.141.59&apos;, revision: &apos;e82be7d358&apos;, time: &apos;2018-11-14T08:25:53&apos;
System info: host: &apos;LAPTOP-FMBJHFG0&apos;, ip: &apos;192.168.0.105&apos;, os.name: &apos;Windows 11&apos;, os.arch: &apos;amd64&apos;, os.version: &apos;10.0&apos;, java.version: &apos;17.0.7&apos;
Driver info: driver.version: CChromeDriver
remote stacktrace: 	GetHandleVerifier [0x00886E73+174291]
	(No symbol) [0x007B0AC1]
	(No symbol) [0x004C6FF6]
	(No symbol) [0x004BAF33]
	(No symbol) [0x004BA7AD]
	(No symbol) [0x004B9B26]
	(No symbol) [0x004B9ABF]
	(No symbol) [0x004B89DC]
	(No symbol) [0x004B8DD8]
	(No symbol) [0x004B7D45]
	(No symbol) [0x004C3071]
	(No symbol) [0x004B97EA]
	(No symbol) [0x004B89DC]
	(No symbol) [0x004B8DD8]
	(No symbol) [0x004B7D45]
	(No symbol) [0x004BEF67]
	(No symbol) [0x004B97EA]
	(No symbol) [0x004B89DC]
	(No symbol) [0x004B8DD8]
	(No symbol) [0x004B7D45]
	(No symbol) [0x004BD61B]
	(No symbol) [0x004B97EA]
	(No symbol) [0x004B89DC]
	(No symbol) [0x004B8DD8]
	(No symbol) [0x004B7D45]
	(No symbol) [0x004B2A43]
	(No symbol) [0x004B76D6]
	(No symbol) [0x004B738A]
	(No symbol) [0x004C8B03]
	(No symbol) [0x004AEA18]
	(No symbol) [0x004AE592]
	(No symbol) [0x0051E357]
	(No symbol) [0x0051DBBA]
	(No symbol) [0x00516DA6]
	(No symbol) [0x004F1034]
	(No symbol) [0x004F1F8D]
	GetHandleVerifier [0x009249CC+820268]
	sqlite3_dbdata_init [0x009E4EBE+652494]
	sqlite3_dbdata_init [0x009E48D9+650985]
	sqlite3_dbdata_init [0x009D962C+605244]
	sqlite3_dbdata_init [0x009E586B+654971]
	(No symbol) [0x007BFEBC]
	(No symbol) [0x007B8428]
	(No symbol) [0x007B854D]
	(No symbol) [0x007A5858]
	BaseThreadInitThunk [0x76A07BA9+25]
	RtlInitializeExceptionChain [0x77A0BD2B+107]
	RtlClearBits [0x77A0BCAF+191]

	at java.base/jdk.internal.reflect.NativeConstructorAccessorImpl.newInstance0(Native Method)
	at java.base/jdk.internal.reflect.NativeConstructorAccessorImpl.newInstance(NativeConstructorAccessorImpl.java:77)
	at java.base/jdk.internal.reflect.DelegatingConstructorAccessorImpl.newInstance(DelegatingConstructorAccessorImpl.java:45)
	at org.openqa.selenium.remote.W3CHandshakeResponse.lambda$errorHandler$0(W3CHandshakeResponse.java:62)
	at org.openqa.selenium.remote.HandshakeResponse.lambda$getResponseFunction$0(HandshakeResponse.java:30)
	at org.openqa.selenium.remote.ProtocolHandshake.lambda$createSession$0(ProtocolHandshake.java:126)
	at org.openqa.selenium.remote.ProtocolHandshake.createSession(ProtocolHandshake.java:128)
	at org.openqa.selenium.remote.ProtocolHandshake.createSession(ProtocolHandshake.java:74)
	at org.openqa.selenium.remote.HttpCommandExecutor.execute(HttpCommandExecutor.java:136)
	at org.openqa.selenium.remote.service.DriverCommandExecutor.execute(DriverCommandExecutor.java:83)
	at org.openqa.selenium.remote.RemoteWebDriver.execute(RemoteWebDriver.java:552)
	at com.kms.katalon.selenium.driver.CChromeDriver.execute(CChromeDriver.java:19)
	at org.openqa.selenium.remote.RemoteWebDriver.startSession(RemoteWebDriver.java:213)
	at org.openqa.selenium.remote.RemoteWebDriver.&lt;init&gt;(RemoteWebDriver.java:131)
	at org.openqa.selenium.chrome.ChromeDriver.&lt;init&gt;(ChromeDriver.java:181)
	at org.openqa.selenium.chrome.ChromeDriver.&lt;init&gt;(ChromeDriver.java:147)
	at com.kms.katalon.selenium.driver.CChromeDriver.&lt;init&gt;(CChromeDriver.java:13)
	at com.kms.katalon.core.webui.driver.DriverFactory.createNewChromeDriver(DriverFactory.java:442)
	at com.kms.katalon.core.webui.driver.DriverFactory.startNewBrowser(DriverFactory.java:375)
	at com.kms.katalon.core.webui.driver.DriverFactory.openWebDriver(DriverFactory.java:264)
	at com.kms.katalon.core.webui.keyword.builtin.OpenBrowserKeyword$_openBrowser_closure1.doCall(OpenBrowserKeyword.groovy:74)
	at com.kms.katalon.core.webui.keyword.builtin.OpenBrowserKeyword$_openBrowser_closure1.call(OpenBrowserKeyword.groovy)
	at com.kms.katalon.core.webui.keyword.internal.WebUIKeywordMain.runKeyword(WebUIKeywordMain.groovy:20)
	at com.kms.katalon.core.webui.keyword.builtin.OpenBrowserKeyword.openBrowser(OpenBrowserKeyword.groovy:81)
	at com.kms.katalon.core.webui.keyword.builtin.OpenBrowserKeyword.execute(OpenBrowserKeyword.groovy:67)
	at com.kms.katalon.core.keyword.internal.KeywordExecutor.executeKeywordForPlatform(KeywordExecutor.groovy:74)
	at com.kms.katalon.core.webui.keyword.WebUiBuiltInKeywords.openBrowser(WebUiBuiltInKeywords.groovy:64)
	at TL_Cura_AppointmentConfirmation_TestSuite_001.setUp(TL_Cura_AppointmentConfirmation_TestSuite_001.groovy:36)
	at java.base/jdk.internal.reflect.NativeMethodAccessorImpl.invoke0(Native Method)
	at java.base/jdk.internal.reflect.NativeMethodAccessorImpl.invoke(NativeMethodAccessorImpl.java:77)
	at java.base/jdk.internal.reflect.DelegatingMethodAccessorImpl.invoke(DelegatingMethodAccessorImpl.java:43)
	at com.kms.katalon.core.main.ScriptEngine.runScriptMethodAsRawText(ScriptEngine.java:133)
	at com.kms.katalon.core.main.TestSuiteExecutor.runMethod(TestSuiteExecutor.java:223)
	at com.kms.katalon.core.main.TestSuiteExecutor.lambda$0(TestSuiteExecutor.java:202)
	at com.kms.katalon.core.main.TestSuiteExecutor.invokeTestSuiteMethod(TestSuiteExecutor.java:201)
	at com.kms.katalon.core.main.TestSuiteExecutor.accessTestSuiteMainPhase(TestSuiteExecutor.java:131)
	at com.kms.katalon.core.main.TestSuiteExecutor.execute(TestSuiteExecutor.java:106)
	at com.kms.katalon.core.main.TestCaseMain.startTestSuite(TestCaseMain.java:180)
	at TempTestSuite1706592351597.run(TempTestSuite1706592351597.groovy:36)
	at java.base/jdk.internal.reflect.NativeMethodAccessorImpl.invoke0(Native Method)
	at java.base/jdk.internal.reflect.NativeMethodAccessorImpl.invoke(NativeMethodAccessorImpl.java:77)
	at java.base/jdk.internal.reflect.DelegatingMethodAccessorImpl.invoke(DelegatingMethodAccessorImpl.java:43)
</property>
  <property name="failed.exception.message">disconnected: received Inspector.detached event
  (failed to check if window was closed: disconnected: not connected to DevTools)
  (Session info: chrome=121.0.6167.86)
Build info: version: &apos;3.141.59&apos;, revision: &apos;e82be7d358&apos;, time: &apos;2018-11-14T08:25:53&apos;
System info: host: &apos;LAPTOP-FMBJHFG0&apos;, ip: &apos;192.168.0.105&apos;, os.name: &apos;Windows 11&apos;, os.arch: &apos;amd64&apos;, os.version: &apos;10.0&apos;, java.version: &apos;17.0.7&apos;
Driver info: driver.version: CChromeDriver
remote stacktrace: 	GetHandleVerifier [0x00886E73+174291]
	(No symbol) [0x007B0AC1]
	(No symbol) [0x004C6FF6]
	(No symbol) [0x004BAF33]
	(No symbol) [0x004BA7AD]
	(No symbol) [0x004B9B26]
	(No symbol) [0x004B9ABF]
	(No symbol) [0x004B89DC]
	(No symbol) [0x004B8DD8]
	(No symbol) [0x004B7D45]
	(No symbol) [0x004C3071]
	(No symbol) [0x004B97EA]
	(No symbol) [0x004B89DC]
	(No symbol) [0x004B8DD8]
	(No symbol) [0x004B7D45]
	(No symbol) [0x004BEF67]
	(No symbol) [0x004B97EA]
	(No symbol) [0x004B89DC]
	(No symbol) [0x004B8DD8]
	(No symbol) [0x004B7D45]
	(No symbol) [0x004BD61B]
	(No symbol) [0x004B97EA]
	(No symbol) [0x004B89DC]
	(No symbol) [0x004B8DD8]
	(No symbol) [0x004B7D45]
	(No symbol) [0x004B2A43]
	(No symbol) [0x004B76D6]
	(No symbol) [0x004B738A]
	(No symbol) [0x004C8B03]
	(No symbol) [0x004AEA18]
	(No symbol) [0x004AE592]
	(No symbol) [0x0051E357]
	(No symbol) [0x0051DBBA]
	(No symbol) [0x00516DA6]
	(No symbol) [0x004F1034]
	(No symbol) [0x004F1F8D]
	GetHandleVerifier [0x009249CC+820268]
	sqlite3_dbdata_init [0x009E4EBE+652494]
	sqlite3_dbdata_init [0x009E48D9+650985]
	sqlite3_dbdata_init [0x009D962C+605244]
	sqlite3_dbdata_init [0x009E586B+654971]
	(No symbol) [0x007BFEBC]
	(No symbol) [0x007B8428]
	(No symbol) [0x007B854D]
	(No symbol) [0x007A5858]
	BaseThreadInitThunk [0x76A07BA9+25]
	RtlInitializeExceptionChain [0x77A0BD2B+107]
	RtlClearBits [0x77A0BCAF+191]
</property>
</record>
<record>
  <date>2024-01-30T05:26:28.647222400Z</date>
  <millis>1706592388647</millis>
  <nanos>222400</nanos>
  <sequence>24</sequence>
  <level>END</level>
  <class>com.kms.katalon.core.logging.XmlKeywordLogger</class>
  <method>endKeyword</method>
  <thread>1</thread>
  <message>End End action : setUp</message>
  <nestedLevel>0</nestedLevel>
  <escapedJava>false</escapedJava>
</record>
<record>
  <date>2024-01-30T05:26:28.648219900Z</date>
  <millis>1706592388648</millis>
  <nanos>219900</nanos>
  <sequence>25</sequence>
  <level>START</level>
  <class>com.kms.katalon.core.logging.XmlKeywordLogger</class>
  <method>startKeyword</method>
  <thread>1</thread>
  <message>Start listener action : sampleAfterTestSuite</message>
  <nestedLevel>0</nestedLevel>
  <escapedJava>false</escapedJava>
</record>
<record>
  <date>2024-01-30T05:26:28.655200400Z</date>
  <millis>1706592388655</millis>
  <nanos>200400</nanos>
  <sequence>27</sequence>
  <level>START</level>
  <class>com.kms.katalon.core.logging.XmlKeywordLogger</class>
  <method>startKeyword</method>
  <thread>1</thread>
  <message>Start action : println(testSuiteContext.getTestSuiteId())</message>
  <nestedLevel>1</nestedLevel>
  <escapedJava>false</escapedJava>
  <property name="startLine">61</property>
  <property name="stepIndex">1</property>
</record>
<record>
  <date>2024-01-30T05:26:28.665541500Z</date>
  <millis>1706592388665</millis>
  <nanos>541500</nanos>
  <sequence>29</sequence>
  <level>END</level>
  <class>com.kms.katalon.core.logging.XmlKeywordLogger</class>
  <method>endKeyword</method>
  <thread>1</thread>
  <message>End action : println(testSuiteContext.getTestSuiteId())</message>
  <nestedLevel>1</nestedLevel>
  <escapedJava>false</escapedJava>
</record>
<record>
  <date>2024-01-30T05:26:28.666538900Z</date>
  <millis>1706592388666</millis>
  <nanos>538900</nanos>
  <sequence>30</sequence>
  <level>END</level>
  <class>com.kms.katalon.core.logging.XmlKeywordLogger</class>
  <method>endKeyword</method>
  <thread>1</thread>
  <message>End listener action : sampleAfterTestSuite</message>
  <nestedLevel>0</nestedLevel>
  <escapedJava>false</escapedJava>
</record>
<record>
  <date>2024-01-30T05:26:28.667990700Z</date>
  <millis>1706592388667</millis>
  <nanos>990700</nanos>
  <sequence>31</sequence>
  <level>START</level>
  <class>com.kms.katalon.core.logging.XmlKeywordLogger</class>
  <method>startKeyword</method>
  <thread>1</thread>
  <message>Start listener action : exportKatalonReports</message>
  <nestedLevel>0</nestedLevel>
  <escapedJava>false</escapedJava>
</record>
<record>
  <date>2024-01-30T05:26:29.441132100Z</date>
  <millis>1706592389441</millis>
  <nanos>132100</nanos>
  <sequence>77</sequence>
  <level>INFO</level>
  <class>com.kms.katalon.core.logging.XmlKeywordLogger</class>
  <method>logMessage</method>
  <thread>1</thread>
  <message>Start generating HTML report folder at: C:\Users\modep\Katalon Studio\Software Automation Testing with Katalon_1\Reports\20240130_105551\Cura_TestSuite\TL_Cura_AppointmentConfirmation_TestSuite_001\20240130_105551...</message>
  <nestedLevel>0</nestedLevel>
  <escapedJava>false</escapedJava>
</record>
<record>
  <date>2024-01-30T05:26:29.476192400Z</date>
  <millis>1706592389476</millis>
  <nanos>192400</nanos>
  <sequence>78</sequence>
  <level>INFO</level>
  <class>com.kms.katalon.core.logging.XmlKeywordLogger</class>
  <method>logMessage</method>
  <thread>1</thread>
  <message>HTML report generated</message>
  <nestedLevel>0</nestedLevel>
  <escapedJava>false</escapedJava>
</record>
<record>
  <date>2024-01-30T05:26:29.477697800Z</date>
  <millis>1706592389477</millis>
  <nanos>697800</nanos>
  <sequence>79</sequence>
  <level>INFO</level>
  <class>com.kms.katalon.core.logging.XmlKeywordLogger</class>
  <method>logMessage</method>
  <thread>1</thread>
  <message>Start generating CSV report folder at: C:\Users\modep\Katalon Studio\Software Automation Testing with Katalon_1\Reports\20240130_105551\Cura_TestSuite\TL_Cura_AppointmentConfirmation_TestSuite_001\20240130_105551...</message>
  <nestedLevel>0</nestedLevel>
  <escapedJava>false</escapedJava>
</record>
<record>
  <date>2024-01-30T05:26:29.500636700Z</date>
  <millis>1706592389500</millis>
  <nanos>636700</nanos>
  <sequence>80</sequence>
  <level>INFO</level>
  <class>com.kms.katalon.core.logging.XmlKeywordLogger</class>
  <method>logMessage</method>
  <thread>1</thread>
  <message>CSV report generated</message>
  <nestedLevel>0</nestedLevel>
  <escapedJava>false</escapedJava>
</record>
<record>
  <date>2024-01-30T05:26:30.592892100Z</date>
  <millis>1706592390592</millis>
  <nanos>892100</nanos>
  <sequence>82</sequence>
  <level>END</level>
  <class>com.kms.katalon.core.logging.XmlKeywordLogger</class>
  <method>endKeyword</method>
  <thread>1</thread>
  <message>End listener action : exportKatalonReports</message>
  <nestedLevel>0</nestedLevel>
  <escapedJava>false</escapedJava>
</record>
<record>
  <date>2024-01-30T05:26:30.789847100Z</date>
  <millis>1706592390789</millis>
  <nanos>847100</nanos>
  <sequence>83</sequence>
  <level>END</level>
  <class>com.kms.katalon.core.logging.XmlKeywordLogger</class>
  <method>endSuite</method>
  <thread>1</thread>
  <message>End Test Suite : Test Suites/Cura_TestSuite/TL_Cura_AppointmentConfirmation_TestSuite_001</message>
  <nestedLevel>0</nestedLevel>
  <escapedJava>false</escapedJava>
</record>
</log>
